a b c d e f g h i j k l m n o p q r s t u v w x y z 
axxxaaxxxb
axxxabxxxb
axxxacxxxb
axxxadxxxb
axxxaexxxb
axxxafxxxb
axxxagxxxb
axxxahxxxb
axxxaixxxb
axxxajxxxb
axxxakxxxb
axxxalxxxb
axxxamxxxb
axxxanxxxb
axxxaoxxxb
axxxapxxxb
axxxaqxxxb
axxxarxxxb
axxxasxxxb
cxxxaaxxxd
cxxxabxxxd
cxxxacxxxd
cxxxadxxxd
cxxxaexxxd
cxxxafxxxd
cxxxagxxxd
cxxxahxxxd
cxxxaixxxd
cxxxajxxxd
cxxxakxxxd
cxxxalxxxd
cxxxamxxxd
cxxxanxxxd
cxxxaoxxxd
cxxxapxxxd
cxxxaqxxxd
cxxxarxxxd
cxxxasxxxd
exxxaaxxxf
exxxabxxxf
exxxacxxxf
exxxadxxxf
exxxaexxxf
exxxafxxxf
exxxagxxxf
exxxahxxxf
exxxaixxxf
exxxajxxxf
exxxakxxxf
exxxalxxxf
exxxamxxxf
exxxanxxxf
exxxaoxxxf
exxxapxxxf
exxxaqxxxf
exxxarxxxf
exxxasxxxf
gxxxaaxxxh
gxxxabxxxh
gxxxacxxxh
gxxxadxxxh
gxxxaexxxh
gxxxafxxxh
gxxxagxxxh
gxxxahxxxh
gxxxaixxxh
gxxxajxxxh
gxxxakxxxh
gxxxalxxxh
gxxxamxxxh
gxxxanxxxh
gxxxaoxxxh
gxxxapxxxh
gxxxaqxxxh
gxxxarxxxh
gxxxasxxxh
ixxxaaxxxj
ixxxabxxxj
ixxxacxxxj
ixxxadxxxj
ixxxaexxxj
ixxxafxxxj
ixxxagxxxj
ixxxahxxxj
ixxxaixxxj
ixxxajxxxj
ixxxakxxxj
ixxxalxxxj
ixxxamxxxj
ixxxanxxxj
ixxxaoxxxj
ixxxapxxxj
ixxxaqxxxj
ixxxarxxxj
ixxxasxxxj
kxxxaaxxxl
kxxxabxxxl
kxxxacxxxl
kxxxadxxxl
kxxxaexxxl
kxxxafxxxl
kxxxagxxxl
kxxxahxxxl
kxxxaixxxl
kxxxajxxxl
kxxxakxxxl
kxxxalxxxl
kxxxamxxxl
kxxxanxxxl
kxxxaoxxxl
kxxxapxxxl
kxxxaqxxxl
kxxxarxxxl
kxxxasxxxl
mxxxaaxxxn
mxxxabxxxn
mxxxacxxxn
mxxxadxxxn
mxxxaexxxn
mxxxafxxxn
mxxxagxxxn
mxxxahxxxn
mxxxaixxxn
mxxxajxxxn
mxxxakxxxn
mxxxalxxxn
mxxxamxxxn
mxxxanxxxn
mxxxaoxxxn
mxxxapxxxn
mxxxaqxxxn
mxxxarxxxn
mxxxasxxxn
oxxxaaxxxp
oxxxabxxxp
oxxxacxxxp
oxxxadxxxp
oxxxaexxxp
oxxxafxxxp
oxxxagxxxp
oxxxahxxxp
oxxxaixxxp
oxxxajxxxp
oxxxakxxxp
oxxxalxxxp
oxxxamxxxp
oxxxanxxxp
oxxxaoxxxp
oxxxapxxxp
oxxxaqxxxp
oxxxarxxxp
oxxxasxxxp
qxxxaaxxxr
qxxxabxxxr
qxxxacxxxr
qxxxadxxxr
qxxxaexxxr
qxxxafxxxr
qxxxagxxxr
qxxxahxxxr
qxxxaixxxr
qxxxajxxxr
qxxxakxxxr
qxxxalxxxr
qxxxamxxxr
qxxxanxxxr
qxxxaoxxxr
qxxxapxxxr
qxxxaqxxxr
qxxxarxxxr
qxxxasxxxr
sxxxaaxxxt
sxxxabxxxt
sxxxacxxxt
sxxxadxxxt
sxxxaexxxt
sxxxafxxxt
sxxxagxxxt
sxxxahxxxt
sxxxaixxxt
sxxxajxxxt
sxxxakxxxt
sxxxalxxxt
sxxxamxxxt
sxxxanxxxt
sxxxaoxxxt
sxxxapxxxt
sxxxaqxxxt
sxxxarxxxt
sxxxasxxxt
uxxxaaxxxv
uxxxabxxxv
uxxxacxxxv
uxxxadxxxv
uxxxaexxxv
uxxxafxxxv
uxxxagxxxv
uxxxahxxxv
uxxxaixxxv
uxxxajxxxv
uxxxakxxxv
uxxxalxxxv
uxxxamxxxv
uxxxanxxxv
uxxxaoxxxv
uxxxapxxxv
uxxxaqxxxv
uxxxarxxxv
uxxxasxxxv
wxxxaaxxxx
wxxxabxxxx
wxxxacxxxx
wxxxadxxxx
wxxxaexxxx
wxxxafxxxx
wxxxagxxxx
wxxxahxxxx
wxxxaixxxx
wxxxajxxxx
wxxxakxxxx
wxxxalxxxx
wxxxamxxxx
wxxxanxxxx
wxxxaoxxxx
wxxxapxxxx
wxxxaqxxxx
wxxxarxxxx
wxxxasxxxx
yxxxaaxxxz
yxxxabxxxz
yxxxacxxxz
yxxxadxxxz
yxxxaexxxz
yxxxafxxxz
yxxxagxxxz
yxxxahxxxz
yxxxaixxxz
yxxxajxxxz
yxxxakxxxz
yxxxalxxxz
yxxxamxxxz
yxxxanxxxz
yxxxaoxxxz
yxxxapxxxz
yxxxaqxxxz
yxxxarxxxz
yxxxasxxxz